2024-11-14 15:10:11,263 [INFO] Starting to fetch reviews...
2024-11-14 15:10:11,263 [INFO] Fetching reviews from 2024-11-07 15:10:11.263698 to 2024-11-14 15:10:11.263698.
2024-11-14 15:10:11,736 [INFO] Fetched 16 reviews so far.
2024-11-14 15:10:12,160 [INFO] Fetched 18 reviews so far.
2024-11-14 15:10:12,590 [INFO] Fetched 20 reviews so far.
2024-11-14 15:10:12,952 [INFO] Fetched 38 reviews so far.
2024-11-14 15:10:13,380 [INFO] Fetched 56 reviews so far.
2024-11-14 15:10:13,691 [INFO] Fetched 69 reviews so far.
2024-11-14 15:10:14,037 [INFO] Fetched 73 reviews so far.
2024-11-14 15:10:14,492 [INFO] Fetched 73 reviews so far.
2024-11-14 15:10:15,012 [INFO] Fetched 75 reviews so far.
2024-11-14 15:10:15,430 [INFO] Fetched 81 reviews so far.
2024-11-14 15:10:15,859 [INFO] Fetched 83 reviews so far.
2024-11-14 15:10:16,425 [INFO] Fetched 86 reviews so far.
2024-11-14 15:10:16,757 [INFO] Fetched 106 reviews so far.
2024-11-14 15:10:17,250 [INFO] Fetched 115 reviews so far.
2024-11-14 15:10:17,596 [INFO] Fetched 116 reviews so far.
2024-11-14 15:10:17,948 [INFO] Fetched 118 reviews so far.
2024-11-14 15:10:18,399 [INFO] Fetched 118 reviews so far.
2024-11-14 15:10:18,752 [INFO] Fetched 118 reviews so far.
2024-11-14 15:10:19,189 [INFO] Fetched 118 reviews so far.
2024-11-14 15:10:19,657 [INFO] Fetched 118 reviews so far.
2024-11-14 15:10:20,012 [INFO] Fetched 119 reviews so far.
2024-11-14 15:10:20,469 [INFO] Fetched 119 reviews so far.
2024-11-14 15:10:20,941 [INFO] Fetched 119 reviews so far.
2024-11-14 15:10:21,388 [INFO] Fetched 120 reviews so far.
2024-11-14 15:10:21,698 [INFO] Fetched 129 reviews so far.
2024-11-14 15:10:22,167 [INFO] Fetched 139 reviews so far.
2024-11-14 15:10:22,667 [INFO] Fetched 140 reviews so far.
2024-11-14 15:10:23,016 [INFO] Fetched 142 reviews so far.
2024-11-14 15:10:24,614 [INFO] Fetched 143 reviews so far.
2024-11-14 15:10:25,086 [INFO] Fetched 145 reviews so far.
2024-11-14 15:10:25,463 [INFO] Fetched 146 reviews so far.
2024-11-14 15:10:25,809 [INFO] Fetched 146 reviews so far.
2024-11-14 15:10:26,322 [INFO] Fetched 146 reviews so far.
2024-11-14 15:10:26,817 [INFO] Fetched 153 reviews so far.
2024-11-14 15:10:27,121 [INFO] Fetched 176 reviews so far.
2024-11-14 15:10:27,453 [INFO] Fetched 194 reviews so far.
2024-11-14 15:10:27,974 [INFO] Fetched 200 reviews so far.
2024-11-14 15:10:28,318 [INFO] Fetched 200 reviews so far.
2024-11-14 15:10:28,650 [INFO] Fetched 200 reviews so far.
2024-11-14 15:10:28,990 [INFO] Fetched 201 reviews so far.
2024-11-14 15:10:29,351 [INFO] Fetched 201 reviews so far.
2024-11-14 15:10:29,925 [INFO] Fetched 202 reviews so far.
2024-11-14 15:10:30,274 [INFO] Fetched 202 reviews so far.
2024-11-14 15:10:30,819 [INFO] Fetched 204 reviews so far.
2024-11-14 15:10:31,381 [INFO] Fetched 208 reviews so far.
2024-11-14 15:10:31,918 [INFO] Fetched 211 reviews so far.
2024-11-14 15:10:32,465 [INFO] Fetched 211 reviews so far.
2024-11-14 15:10:33,033 [INFO] Fetched 211 reviews so far.
2024-11-14 15:10:33,602 [INFO] Fetched 211 reviews so far.
2024-11-14 15:10:34,201 [INFO] Fetched 211 reviews so far.
2024-11-14 15:10:34,570 [INFO] Fetched 211 reviews so far.
2024-11-14 15:10:34,905 [INFO] Fetched 216 reviews so far.
2024-11-14 15:10:35,604 [INFO] Fetched 216 reviews so far.
2024-11-14 15:10:36,489 [INFO] Fetched 216 reviews so far.
2024-11-14 15:10:37,151 [INFO] Fetched 216 reviews so far.
2024-11-14 15:10:37,804 [INFO] Fetched 216 reviews so far.
2024-11-14 15:10:38,804 [INFO] Fetched 216 reviews so far.
2024-11-14 15:10:39,489 [INFO] Fetched 216 reviews so far.
2024-11-14 15:10:39,908 [INFO] Fetched 218 reviews so far.
2024-11-14 15:10:40,455 [INFO] Fetched 222 reviews so far.
2024-11-14 15:10:41,040 [INFO] Fetched 224 reviews so far.
2024-11-14 15:10:41,370 [INFO] Fetched 227 reviews so far.
2024-11-14 15:10:42,028 [INFO] Fetched 227 reviews so far.
2024-11-14 15:10:42,752 [INFO] Fetched 229 reviews so far.
2024-11-14 15:10:43,239 [INFO] Fetched 230 reviews so far.
2024-11-14 15:10:43,969 [INFO] Fetched 232 reviews so far.
2024-11-14 15:10:44,390 [INFO] Fetched 232 reviews so far.
2024-11-14 15:10:45,302 [INFO] Fetched 233 reviews so far.
2024-11-14 15:10:46,481 [INFO] Fetched 234 reviews so far.
2024-11-14 15:10:47,251 [INFO] Fetched 234 reviews so far.
2024-11-14 15:10:48,887 [INFO] Fetched 235 reviews so far.
2024-11-14 15:10:49,514 [INFO] Fetched 237 reviews so far.
2024-11-14 15:10:50,230 [INFO] Fetched 239 reviews so far.
2024-11-14 15:10:51,275 [INFO] Fetched 240 reviews so far.
2024-11-14 15:10:51,694 [INFO] Fetched 242 reviews so far.
2024-11-14 15:10:52,419 [INFO] Fetched 243 reviews so far.
2024-11-14 15:10:52,848 [INFO] Fetched 243 reviews so far.
2024-11-14 15:10:53,569 [INFO] Fetched 243 reviews so far.
2024-11-14 15:10:54,954 [INFO] Fetched 243 reviews so far.
2024-11-14 15:10:55,669 [INFO] Fetched 248 reviews so far.
2024-11-14 15:10:56,015 [INFO] Fetched 257 reviews so far.
2024-11-14 15:10:56,782 [INFO] Fetched 266 reviews so far.
2024-11-14 15:10:57,564 [INFO] Fetched 275 reviews so far.
2024-11-14 15:10:58,259 [INFO] Fetched 288 reviews so far.
2024-11-14 15:10:59,017 [INFO] Fetched 295 reviews so far.
2024-11-14 15:10:59,671 [INFO] Fetched 307 reviews so far.
2024-11-14 15:11:00,492 [INFO] Fetched 307 reviews so far.
2024-11-14 15:11:00,910 [INFO] Fetched 308 reviews so far.
2024-11-14 15:11:01,299 [INFO] Fetched 312 reviews so far.
2024-11-14 15:11:02,424 [INFO] Fetched 312 reviews so far.
2024-11-14 15:11:03,115 [INFO] Fetched 312 reviews so far.
2024-11-14 15:11:03,974 [INFO] Fetched 312 reviews so far.
2024-11-14 15:11:04,349 [INFO] Fetched 312 reviews so far.
2024-11-14 15:11:04,741 [INFO] Fetched 312 reviews so far.
2024-11-14 15:11:05,081 [INFO] Fetched 312 reviews so far.
2024-11-14 15:11:05,835 [INFO] Fetched 312 reviews so far.
2024-11-14 15:11:06,148 [INFO] Fetched 312 reviews so far.
2024-11-14 15:11:06,788 [INFO] Fetched 312 reviews so far.
2024-11-14 15:11:07,106 [INFO] Fetched 312 reviews so far.
2024-11-14 15:11:07,424 [INFO] Fetched 312 reviews so far.
2024-11-14 15:11:08,221 [INFO] Fetched 312 reviews so far.
2024-11-14 15:11:08,753 [INFO] Fetched 312 reviews so far.
2024-11-14 15:11:09,525 [INFO] Fetched 312 reviews so far.
2024-11-14 15:11:09,912 [INFO] Fetched 312 reviews so far.
2024-11-14 15:11:10,622 [INFO] Fetched 312 reviews so far.
2024-11-14 15:11:11,197 [INFO] Fetched 312 reviews so far.
2024-11-14 15:11:11,802 [INFO] Fetched 313 reviews so far.
2024-11-14 15:11:12,141 [INFO] Fetched 313 reviews so far.
2024-11-14 15:11:12,574 [INFO] Fetched 314 reviews so far.
2024-11-14 15:11:13,389 [INFO] Fetched 315 reviews so far.
2024-11-14 15:11:13,777 [INFO] Fetched 316 reviews so far.
2024-11-14 15:11:14,660 [INFO] Fetched 317 reviews so far.
2024-11-14 15:11:15,028 [INFO] Fetched 318 reviews so far.
2024-11-14 15:11:15,837 [INFO] Fetched 318 reviews so far.
2024-11-14 15:11:16,639 [INFO] Fetched 319 reviews so far.
2024-11-14 15:11:16,990 [INFO] Fetched 319 reviews so far.
2024-11-14 15:11:17,790 [INFO] Fetched 319 reviews so far.
2024-11-14 15:11:18,764 [INFO] Fetched 319 reviews so far.
2024-11-14 15:11:19,109 [INFO] Fetched 321 reviews so far.
2024-11-14 15:11:20,003 [INFO] Fetched 322 reviews so far.
2024-11-14 15:11:20,348 [INFO] Fetched 324 reviews so far.
2024-11-14 15:11:21,142 [INFO] Fetched 325 reviews so far.
2024-11-14 15:11:22,038 [INFO] Fetched 326 reviews so far.
2024-11-14 15:11:23,091 [INFO] Fetched 326 reviews so far.
2024-11-14 15:11:23,855 [INFO] Fetched 328 reviews so far.
2024-11-14 15:11:24,887 [INFO] Fetched 329 reviews so far.
2024-11-14 15:11:25,217 [INFO] Fetched 329 reviews so far.
2024-11-14 15:11:25,549 [INFO] Fetched 329 reviews so far.
2024-11-14 15:11:26,408 [INFO] Fetched 329 reviews so far.
2024-11-14 15:11:27,202 [INFO] Fetched 329 reviews so far.
2024-11-14 15:11:27,987 [INFO] Fetched 329 reviews so far.
2024-11-14 15:11:28,650 [INFO] Fetched 330 reviews so far.
2024-11-14 15:11:28,980 [INFO] Fetched 333 reviews so far.
2024-11-14 15:11:29,798 [INFO] Fetched 334 reviews so far.
2024-11-14 15:11:30,630 [INFO] Fetched 336 reviews so far.
2024-11-14 15:11:31,398 [INFO] Fetched 336 reviews so far.
2024-11-14 15:11:32,239 [INFO] Fetched 336 reviews so far.
2024-11-14 15:11:32,556 [INFO] Fetched 337 reviews so far.
2024-11-14 15:11:32,879 [INFO] Fetched 337 reviews so far.
2024-11-14 15:11:33,683 [INFO] Fetched 337 reviews so far.
2024-11-14 15:11:33,998 [INFO] Fetched 337 reviews so far.
2024-11-14 15:11:34,932 [INFO] Fetched 338 reviews so far.
2024-11-14 15:11:35,283 [INFO] Fetched 338 reviews so far.
2024-11-14 15:11:36,181 [INFO] Fetched 339 reviews so far.
2024-11-14 15:11:37,121 [INFO] Fetched 339 reviews so far.
2024-11-14 15:11:37,513 [INFO] Fetched 339 reviews so far.
2024-11-14 15:11:38,479 [INFO] Fetched 339 reviews so far.
2024-11-14 15:11:38,869 [INFO] Fetched 339 reviews so far.
2024-11-14 15:11:39,809 [INFO] Fetched 339 reviews so far.
2024-11-14 15:11:40,167 [INFO] Fetched 339 reviews so far.
2024-11-14 15:11:40,552 [INFO] Fetched 339 reviews so far.
2024-11-14 15:11:40,909 [INFO] Fetched 340 reviews so far.
2024-11-14 15:11:41,726 [INFO] Fetched 340 reviews so far.
2024-11-14 15:11:42,635 [INFO] Fetched 340 reviews so far.
2024-11-14 15:11:43,527 [INFO] Fetched 343 reviews so far.
2024-11-14 15:11:44,482 [INFO] Fetched 345 reviews so far.
2024-11-14 15:11:45,409 [INFO] Fetched 346 reviews so far.
2024-11-14 15:11:46,056 [INFO] Fetched 349 reviews so far.
2024-11-14 15:11:47,033 [INFO] Fetched 349 reviews so far.
2024-11-14 15:11:48,111 [INFO] Fetched 350 reviews so far.
2024-11-14 15:11:48,970 [INFO] Fetched 350 reviews so far.
2024-11-14 15:11:49,844 [INFO] Fetched 350 reviews so far.
2024-11-14 15:11:50,796 [INFO] Fetched 350 reviews so far.
2024-11-14 15:11:51,650 [INFO] Fetched 350 reviews so far.
2024-11-14 15:11:52,660 [INFO] Fetched 350 reviews so far.
2024-11-14 15:11:53,696 [INFO] Fetched 350 reviews so far.
2024-11-14 15:11:54,720 [INFO] Fetched 350 reviews so far.
2024-11-14 15:11:55,042 [INFO] Fetched 350 reviews so far.
2024-11-14 15:11:56,013 [INFO] Fetched 350 reviews so far.
2024-11-14 15:11:57,063 [INFO] Fetched 350 reviews so far.
2024-11-14 15:11:57,976 [INFO] Fetched 350 reviews so far.
2024-11-14 15:11:59,019 [INFO] Fetched 350 reviews so far.
2024-11-14 15:12:00,437 [INFO] Fetched 350 reviews so far.
2024-11-14 15:12:01,555 [INFO] Fetched 352 reviews so far.
2024-11-14 15:12:01,921 [INFO] Fetched 353 reviews so far.
2024-11-14 15:12:02,802 [INFO] Fetched 355 reviews so far.
2024-11-14 15:12:03,507 [INFO] Fetched 356 reviews so far.
2024-11-14 15:12:04,627 [INFO] Fetched 357 reviews so far.
2024-11-14 15:12:05,675 [INFO] Fetched 357 reviews so far.
2024-11-14 15:12:07,224 [INFO] Fetched 357 reviews so far.
2024-11-14 15:12:08,573 [INFO] Fetched 357 reviews so far.
2024-11-14 15:12:10,052 [INFO] Fetched 358 reviews so far.
2024-11-14 15:12:11,142 [INFO] Fetched 359 reviews so far.
2024-11-14 15:12:12,108 [INFO] Fetched 359 reviews so far.
2024-11-14 15:12:13,210 [INFO] Fetched 360 reviews so far.
2024-11-14 15:12:14,278 [INFO] Fetched 361 reviews so far.
2024-11-14 15:12:15,389 [INFO] Fetched 361 reviews so far.
2024-11-14 15:12:16,549 [INFO] Fetched 361 reviews so far.
2024-11-14 15:12:17,471 [INFO] Fetched 362 reviews so far.
2024-11-14 15:12:17,783 [INFO] Fetched 362 reviews so far.
2024-11-14 15:12:18,703 [INFO] Fetched 362 reviews so far.
2024-11-14 15:12:19,650 [INFO] Fetched 365 reviews so far.
2024-11-14 15:12:20,938 [INFO] Fetched 365 reviews so far.
2024-11-14 15:12:21,969 [INFO] Fetched 368 reviews so far.
2024-11-14 15:12:22,951 [INFO] Fetched 369 reviews so far.
2024-11-14 15:12:23,381 [INFO] Fetched 370 reviews so far.
2024-11-14 15:12:24,453 [INFO] Fetched 371 reviews so far.
2024-11-14 15:12:25,635 [INFO] Fetched 372 reviews so far.
2024-11-14 15:12:26,748 [INFO] Fetched 373 reviews so far.
2024-11-14 15:12:28,168 [INFO] Fetched 373 reviews so far.
2024-11-14 15:12:28,931 [INFO] Fetched 374 reviews so far.
2024-11-14 15:12:30,000 [INFO] Fetched 374 reviews so far.
2024-11-14 15:12:31,054 [INFO] Fetched 375 reviews so far.
2024-11-14 15:12:31,361 [INFO] Fetched 377 reviews so far.
2024-11-14 15:12:32,323 [INFO] Fetched 378 reviews so far.
2024-11-14 15:12:33,211 [INFO] Fetched 378 reviews so far.
2024-11-14 15:12:34,137 [INFO] Fetched 379 reviews so far.
2024-11-14 15:12:34,814 [INFO] Fetched 380 reviews so far.
2024-11-14 15:12:35,810 [INFO] Fetched 382 reviews so far.
2024-11-14 15:12:37,186 [INFO] Fetched 384 reviews so far.
2024-11-14 15:12:38,027 [INFO] Fetched 386 reviews so far.
2024-11-14 15:12:39,484 [INFO] Fetched 389 reviews so far.
2024-11-14 15:12:40,653 [INFO] Fetched 390 reviews so far.
2024-11-14 15:12:41,918 [INFO] Fetched 392 reviews so far.
2024-11-14 15:12:43,001 [INFO] Fetched 398 reviews so far.
2024-11-14 15:12:44,013 [INFO] Fetched 412 reviews so far.
2024-11-14 15:12:45,105 [INFO] Fetched 427 reviews so far.
2024-11-14 15:12:46,077 [INFO] Fetched 448 reviews so far.
2024-11-14 15:12:46,374 [INFO] Fetched 469 reviews so far.
2024-11-14 15:12:47,578 [INFO] Fetched 488 reviews so far.
2024-11-14 15:12:48,593 [INFO] Reached max review limit of 500. Stopping fetch.
2024-11-14 15:12:48,594 [INFO] Fetched 500 reviews so far.
2024-11-14 15:12:48,594 [INFO] Saving progress at 500 reviews.
2024-11-14 15:12:48,638 [INFO] Saved 500 reviews to 'reviews.csv'.
